Time of script execution: 2025-08-01 11:57:25
Download date of files used: 2025-07-30

Filtering Human.GOA.Extracted.2025-07-30.gaf on Evidence Code...

Filtering Mouse.GOA.Extracted.2025-07-30.gaf on Evidence Code...

Filtering Rat.GOA.Extracted.2025-07-30.gaf on Evidence Code...

Filtering Chicken.GOA.Extracted.2025-07-30.gaf on Evidence Code...

Filtering Zebrafish.GOA.Extracted.2025-07-30.gaf on Evidence Code...

Filtering Drosophila.GOA.Extracted.2025-07-30.gaf on Evidence Code...

Loaded 76106 Xenopus UniProt IDs -> Xenbase info into map

Loaded 49106 Xenopus NCBI IDs -> Xenbase info into map

Added GO IDs to Uniprot map

Loaded 22636 X.trop IDs -> genepage IDs into map
Loaded 45272 X.laev IDs -> genepage IDs into map

Loaded 15569 Xenopus NCBI IDs -> Ortholog NCBI IDs into map

Loaded 14950 Ortholog NCBI IDs (Ex. Human) -> Xenopus NCBI IDs into map

------------------------ Creating Xenbase GAF ------------------------

Finding Xenbase matches in Xenopus.GOA.Extracted.2025-07-30...

Deduplicating Xenbase.gaf by column(s): DB Object ID, Qualifier, GO ID, Evidence Code, With/From ...
287456 duplicate lines removed
Sorting Xenbase.gaf on column(s): DB Object Symbol, GO ID ...

Deduplicating Annotation_Provenance.tsv by column(s): DB Object ID, Qualifier, GO ID, Evidence Code, With/From ...
287456 duplicate lines removed
Sorting Annotation_Provenance.tsv on column(s): DB Object Symbol, GO ID ...


------------ Splitting Xenbase GAF into X.trop & X.laev files ------------

Finding Xenbase matches in Xenbase...

--------------- Processing Human Ortholog Annotations ---------------

Loaded 26966 Human UniProt IDs -> NCBI IDs into map

Loaded 14880 Human NCBI IDs -> Uniprot IDs into map

Added GO IDs to Uniprot map

Filtering Human.GOA.Extracted.2025-07-30.gaf on DB Object ID...

Finding Xenbase matches in Human.GOA.Extracted.2025-07-30...

Deduplicating Xenbase_from_Human.gaf by column(s): DB Object ID, GO ID, With/From ...
524539 duplicate lines removed

Concatenated uniprots in Xenbase_from_Human.gaf

--------------- Processing Mouse Ortholog Annotations ---------------

Loaded 50691 Mouse UniProt IDs -> NCBI IDs into map

Loaded 29005 Mouse NCBI IDs -> Uniprot IDs into map

Added GO IDs to Uniprot map

Filtering Mouse.GOA.Extracted.2025-07-30.gaf on DB Object ID...

Finding Xenbase matches in Mouse.GOA.Extracted.2025-07-30...

Deduplicating Xenbase_from_Mouse.gaf by column(s): DB Object ID, GO ID, With/From ...
251595 duplicate lines removed

Concatenated uniprots in Xenbase_from_Mouse.gaf

--------------- Processing Rat Ortholog Annotations ---------------

Loaded 79495 Rat UniProt IDs -> NCBI IDs into map

Loaded 42668 Rat NCBI IDs -> Uniprot IDs into map

Added GO IDs to Uniprot map

Filtering Rat.GOA.Extracted.2025-07-30.gaf on DB Object ID...

Finding Xenbase matches in Rat.GOA.Extracted.2025-07-30...

Deduplicating Xenbase_from_Rat.gaf by column(s): DB Object ID, GO ID, With/From ...
304128 duplicate lines removed

Concatenated uniprots in Xenbase_from_Rat.gaf

--------------- Processing Chicken Ortholog Annotations ---------------

Loaded 93409 Chicken UniProt IDs -> NCBI IDs into map

Loaded 52407 Chicken NCBI IDs -> Uniprot IDs into map

Added GO IDs to Uniprot map

Filtering Chicken.GOA.Extracted.2025-07-30.gaf on DB Object ID...

Finding Xenbase matches in Chicken.GOA.Extracted.2025-07-30...

Deduplicating Xenbase_from_Chicken.gaf by column(s): DB Object ID, GO ID, With/From ...
65269 duplicate lines removed

Concatenated uniprots in Xenbase_from_Chicken.gaf

--------------- Processing Zebrafish Ortholog Annotations ---------------

Loaded 117328 Zebrafish UniProt IDs -> NCBI IDs into map

Loaded 64359 Zebrafish NCBI IDs -> Uniprot IDs into map

Added GO IDs to Uniprot map

Filtering Zebrafish.GOA.Extracted.2025-07-30.gaf on DB Object ID...

Finding Xenbase matches in Zebrafish.GOA.Extracted.2025-07-30...

Deduplicating Xenbase_from_Zebrafish.gaf by column(s): DB Object ID, GO ID, With/From ...
76103 duplicate lines removed

Concatenated uniprots in Xenbase_from_Zebrafish.gaf

--------------- Processing Drosophila Ortholog Annotations ---------------

Loaded 118418 Drosophila UniProt IDs -> NCBI IDs into map

Loaded 65354 Drosophila NCBI IDs -> Uniprot IDs into map

Added GO IDs to Uniprot map

Filtering Drosophila.GOA.Extracted.2025-07-30.gaf on DB Object ID...

Finding Xenbase matches in Drosophila.GOA.Extracted.2025-07-30...

Deduplicating Xenbase_from_Drosophila.gaf by column(s): DB Object ID, GO ID, With/From ...
13393 duplicate lines removed

Concatenated uniprots in Xenbase_from_Drosophila.gaf

--------------- Combining All Ortholog Annotations ---------------

Adding Human ISO annotations to master ortholog file...

Concatenated uniprots in Master_Orthologs.gaf

Adding Mouse ISO annotations to master ortholog file...

Concatenated uniprots in Master_Orthologs.gaf

Adding Rat ISO annotations to master ortholog file...

Concatenated uniprots in Master_Orthologs.gaf

Adding Chicken ISO annotations to master ortholog file...

Concatenated uniprots in Master_Orthologs.gaf

Adding Zebrafish ISO annotations to master ortholog file...

Concatenated uniprots in Master_Orthologs.gaf

Adding Drosophila ISO annotations to master ortholog file...

Concatenated uniprots in Master_Orthologs.gaf

Sorting Master_Orthologs.gaf on column(s): DB Object Symbol, GO ID ...

Sorting Xenbase_w_Orthologs.gaf on column(s): DB Object Symbol, Evidence Code, GO ID ...

Finished!

